<?xml version="1.0" encoding="UTF-8"?>
<!-- Generated by org.testng.reporters.JUnitXMLReporter -->
<testsuite hostname="LAPTOP-A1E2UK5V" ignored="0" name="Surefire test" tests="6" failures="0" timestamp="08 Mar 2020 00:32:40 GMT" time="0.046" errors="0">
  <testcase name="IOSApps" time="0.0" classname="qaclickacademy.AppiumTest"/>
  <testcase name="NativeAPpAndroid" time="0.015" classname="qaclickacademy.AppiumTest"/>
  <testcase name="deleteTwitter" time="0.0" classname="qaclickacademy.RESTAPITest"/>
  <testcase name="postJira" time="0.0" classname="qaclickacademy.RESTAPITest"/>
  <testcase name="BrowserAUtomation" time="0.0" classname="qaclickacademy.SeleniumTest"/>
  <testcase name="elementsUi" time="0.0" classname="qaclickacademy.SeleniumTest"/>
</testsuite> <!-- Surefire test -->
