<?xml version="1.0" encoding="UTF-8"?>
<!-- Generated by org.testng.reporters.JUnitXMLReporter -->
<testsuite hostname="LAPTOP-A1E2UK5V" ignored="0" name="Test" tests="4" failures="0" timestamp="08 Mar 2020 01:17:31 GMT" time="0.032" errors="0">
  <testcase name="BrowserAUtomation" time="0.004" classname="qaclickacademy.SeleniumTest"/>
  <testcase name="elementsUi" time="0.0" classname="qaclickacademy.SeleniumTest"/>
  <testcase name="deleteTwitter" time="0.0" classname="qaclickacademy.RESTAPITest"/>
  <testcase name="postJira" time="0.004" classname="qaclickacademy.RESTAPITest"/>
</testsuite> <!-- Test -->
